<?xml version="1.0" encoding="UTF-8"?>
<coverage generated="1698185240039" clover="3.2.0">
  <project timestamp="1698185240039" name="All files">
    <metrics statements="5" coveredstatements="5" conditionals="2" coveredconditionals="2" methods="3" coveredmethods="3" elements="10" coveredelements="10" complexity="0" loc="5" ncloc="5" packages="1" files="1" classes="1"/>
    <file name="curry.ts" path="C:\Users\igor\Desktop\OTUS\FullStackDeveloper\WorkDir\JavaScript-Basic\otus-js-basic-funtional-programming\src\curry.ts">
      <metrics statements="5" coveredstatements="5" conditionals="2" coveredconditionals="2" methods="3" coveredmethods="3"/>
      <line num="2" count="6" type="stmt"/>
      <line num="3" count="14" type="cond" truecount="2" falsecount="0"/>
      <line num="4" count="5" type="stmt"/>
      <line num="6" count="9" type="stmt"/>
      <line num="7" count="9" type="stmt"/>
    </file>
  </project>
</coverage>
