<?xml version="1.0" encoding="UTF-8"?>
<coverage generated="1698617531872" clover="3.2.0">
  <project timestamp="1698617531872" name="All files">
    <metrics statements="10" coveredstatements="10" conditionals="4" coveredconditionals="4" methods="6" coveredmethods="6" elements="20" coveredelements="20" complexity="0" loc="10" ncloc="10" packages="1" files="2" classes="2"/>
    <file name="curry.ts" path="C:\Users\igor\Desktop\OTUS\FullStackDeveloper\WorkDir\JavaScript-Basic\otus-js-basic-funtional-programming\src\curry.ts">
      <metrics statements="5" coveredstatements="5" conditionals="2" coveredconditionals="2" methods="3" coveredmethods="3"/>
      <line num="2" count="6" type="stmt"/>
      <line num="3" count="14" type="cond" truecount="2" falsecount="0"/>
      <line num="4" count="5" type="stmt"/>
      <line num="6" count="9" type="stmt"/>
      <line num="7" count="9" type="stmt"/>
    </file>
    <file name="sum.ts" path="C:\Users\igor\Desktop\OTUS\FullStackDeveloper\WorkDir\JavaScript-Basic\otus-js-basic-funtional-programming\src\sum.ts">
      <metrics statements="5" coveredstatements="5" conditionals="2" coveredconditionals="2" methods="3" coveredmethods="3"/>
      <line num="3" count="11" type="cond" truecount="2" falsecount="0"/>
      <line num="6" count="8" type="stmt"/>
      <line num="9" count="11" type="stmt"/>
      <line num="10" count="6" type="stmt"/>
      <line num="13" count="11" type="stmt"/>
    </file>
  </project>
</coverage>
