{"C:\\Users\\igor\\Desktop\\OTUS\\FullStackDeveloper\\WorkDir\\JavaScript-Basic\\otus-js-basic-funtional-programming\\src\\curry.ts": {"path":"C:\\Users\\igor\\Desktop\\OTUS\\FullStackDeveloper\\WorkDir\\JavaScript-Basic\\otus-js-basic-funtional-programming\\src\\curry.ts","statementMap":{"0":{"start":{"line":2,"column":4},"end":{"line":10,"column":6}},"1":{"start":{"line":3,"column":6},"end":{"line":9,"column":7}},"2":{"start":{"line":4,"column":8},"end":{"line":4,"column":38}},"3":{"start":{"line":6,"column":8},"end":{"line":8,"column":9}},"4":{"start":{"line":7,"column":10},"end":{"line":7,"column":51}}},"fnMap":{"0":{"name":"curry","decl":{"start":{"line":1,"column":16},"end":{"line":1,"column":21}},"loc":{"start":{"line":1,"column":38},"end":{"line":11,"column":3}},"line":1},"1":{"name":"f","decl":{"start":{"line":2,"column":20},"end":{"line":2,"column":21}},"loc":{"start":{"line":2,"column":31},"end":{"line":10,"column":5}},"line":2},"2":{"name":"(anonymous_2)","decl":{"start":{"line":6,"column":15},"end":{"line":6,"column":16}},"loc":{"start":{"line":6,"column":34},"end":{"line":8,"column":9}},"line":6}},"branchMap":{"0":{"loc":{"start":{"line":3,"column":6},"end":{"line":9,"column":7}},"type":"if","locations":[{"start":{"line":3,"column":6},"end":{"line":9,"column":7}},{"start":{"line":5,"column":13},"end":{"line":9,"column":7}}],"line":3}},"s":{"0":6,"1":14,"2":5,"3":9,"4":9},"f":{"0":6,"1":14,"2":9},"b":{"0":[5,9]},"_coverageSchema":"1a1c01bbd47fc00a2c39e90264f33305004495a9","hash":"a5a7d257d546832c06dfa09477ff81deedcd5ff0"}
,"C:\\Users\\igor\\Desktop\\OTUS\\FullStackDeveloper\\WorkDir\\JavaScript-Basic\\otus-js-basic-funtional-programming\\src\\sum.ts": {"path":"C:\\Users\\igor\\Desktop\\OTUS\\FullStackDeveloper\\WorkDir\\JavaScript-Basic\\otus-js-basic-funtional-programming\\src\\sum.ts","statementMap":{"0":{"start":{"line":3,"column":4},"end":{"line":3,"column":25}},"1":{"start":{"line":6,"column":8},"end":{"line":6,"column":23}},"2":{"start":{"line":9,"column":4},"end":{"line":11,"column":5}},"3":{"start":{"line":10,"column":8},"end":{"line":10,"column":17}},"4":{"start":{"line":13,"column":4},"end":{"line":13,"column":13}}},"fnMap":{"0":{"name":"sum","decl":{"start":{"line":1,"column":16},"end":{"line":1,"column":19}},"loc":{"start":{"line":1,"column":23},"end":{"line":14,"column":1}},"line":1},"1":{"name":"f","decl":{"start":{"line":5,"column":13},"end":{"line":5,"column":14}},"loc":{"start":{"line":5,"column":19},"end":{"line":7,"column":5}},"line":5},"2":{"name":"(anonymous_2)","decl":{"start":{"line":9,"column":17},"end":{"line":9,"column":18}},"loc":{"start":{"line":9,"column":29},"end":{"line":11,"column":5}},"line":9}},"branchMap":{"0":{"loc":{"start":{"line":3,"column":8},"end":{"line":3,"column":24}},"type":"binary-expr","locations":[{"start":{"line":3,"column":8},"end":{"line":3,"column":19}},{"start":{"line":3,"column":23},"end":{"line":3,"column":24}}],"line":3}},"s":{"0":11,"1":8,"2":11,"3":6,"4":11},"f":{"0":11,"1":8,"2":6},"b":{"0":[11,2]},"_coverageSchema":"1a1c01bbd47fc00a2c39e90264f33305004495a9","hash":"62be672f76bbc469abcb6744b8f1ac4fada4bf50"}
}
