{"C:\\Users\\igor\\Desktop\\OTUS\\FullStackDeveloper\\WorkDir\\JavaScript-Basic\\otus-js-basic-funtional-programming\\src\\curry.ts": {"path":"C:\\Users\\igor\\Desktop\\OTUS\\FullStackDeveloper\\WorkDir\\JavaScript-Basic\\otus-js-basic-funtional-programming\\src\\curry.ts","statementMap":{"0":{"start":{"line":2,"column":4},"end":{"line":10,"column":6}},"1":{"start":{"line":3,"column":6},"end":{"line":5,"column":7}},"2":{"start":{"line":4,"column":8},"end":{"line":4,"column":38}},"3":{"start":{"line":6,"column":8},"end":{"line":8,"column":9}},"4":{"start":{"line":7,"column":10},"end":{"line":7,"column":51}}},"fnMap":{"0":{"name":"curry","decl":{"start":{"line":1,"column":16},"end":{"line":1,"column":21}},"loc":{"start":{"line":1,"column":38},"end":{"line":11,"column":3}},"line":1},"1":{"name":"f","decl":{"start":{"line":2,"column":20},"end":{"line":2,"column":21}},"loc":{"start":{"line":2,"column":31},"end":{"line":10,"column":5}},"line":2},"2":{"name":"(anonymous_2)","decl":{"start":{"line":6,"column":15},"end":{"line":6,"column":16}},"loc":{"start":{"line":6,"column":34},"end":{"line":8,"column":9}},"line":6}},"branchMap":{"0":{"loc":{"start":{"line":3,"column":6},"end":{"line":5,"column":7}},"type":"if","locations":[{"start":{"line":3,"column":6},"end":{"line":5,"column":7}},{"start":{},"end":{}}],"line":3}},"s":{"0":6,"1":14,"2":5,"3":9,"4":9},"f":{"0":6,"1":14,"2":9},"b":{"0":[5,9]},"_coverageSchema":"1a1c01bbd47fc00a2c39e90264f33305004495a9","hash":"a581edbd81da382ef751f54e3699a07ee03e3d8a"}
,"C:\\Users\\igor\\Desktop\\OTUS\\FullStackDeveloper\\WorkDir\\JavaScript-Basic\\otus-js-basic-funtional-programming\\src\\parallelProcessing.ts": {"path":"C:\\Users\\igor\\Desktop\\OTUS\\FullStackDeveloper\\WorkDir\\JavaScript-Basic\\otus-js-basic-funtional-programming\\src\\parallelProcessing.ts","statementMap":{"0":{"start":{"line":8,"column":40},"end":{"line":8,"column":42}},"1":{"start":{"line":11,"column":6},"end":{"line":11,"column":28}},"2":{"start":{"line":15,"column":19},"end":{"line":15,"column":28}},"3":{"start":{"line":16,"column":24},"end":{"line":16,"column":35}},"4":{"start":{"line":18,"column":6},"end":{"line":46,"column":9}},"5":{"start":{"line":19,"column":8},"end":{"line":23,"column":9}},"6":{"start":{"line":20,"column":10},"end":{"line":22,"column":12}},"7":{"start":{"line":25,"column":22},"end":{"line":41,"column":9}},"8":{"start":{"line":26,"column":29},"end":{"line":26,"column":41}},"9":{"start":{"line":28,"column":10},"end":{"line":40,"column":11}},"10":{"start":{"line":29,"column":12},"end":{"line":39,"column":46}},"11":{"start":{"line":31,"column":16},"end":{"line":31,"column":40}},"12":{"start":{"line":33,"column":16},"end":{"line":35,"column":17}},"13":{"start":{"line":34,"column":18},"end":{"line":34,"column":46}},"14":{"start":{"line":37,"column":16},"end":{"line":37,"column":31}},"15":{"start":{"line":39,"column":28},"end":{"line":39,"column":44}},"16":{"start":{"line":43,"column":8},"end":{"line":45,"column":9}},"17":{"start":{"line":43,"column":21},"end":{"line":43,"column":22}},"18":{"start":{"line":44,"column":10},"end":{"line":44,"column":18}}},"fnMap":{"0":{"name":"(anonymous_0)","decl":{"start":{"line":10,"column":4},"end":{"line":10,"column":5}},"loc":{"start":{"line":10,"column":27},"end":{"line":12,"column":5}},"line":10},"1":{"name":"(anonymous_1)","decl":{"start":{"line":14,"column":4},"end":{"line":14,"column":5}},"loc":{"start":{"line":14,"column":31},"end":{"line":47,"column":5}},"line":14},"2":{"name":"(anonymous_2)","decl":{"start":{"line":18,"column":25},"end":{"line":18,"column":26}},"loc":{"start":{"line":18,"column":38},"end":{"line":46,"column":7}},"line":18},"3":{"name":"(anonymous_3)","decl":{"start":{"line":25,"column":22},"end":{"line":25,"column":23}},"loc":{"start":{"line":25,"column":34},"end":{"line":41,"column":9}},"line":25},"4":{"name":"(anonymous_4)","decl":{"start":{"line":30,"column":20},"end":{"line":30,"column":21}},"loc":{"start":{"line":30,"column":31},"end":{"line":38,"column":15}},"line":30},"5":{"name":"(anonymous_5)","decl":{"start":{"line":39,"column":21},"end":{"line":39,"column":22}},"loc":{"start":{"line":39,"column":28},"end":{"line":39,"column":44}},"line":39}},"branchMap":{"0":{"loc":{"start":{"line":19,"column":8},"end":{"line":23,"column":9}},"type":"if","locations":[{"start":{"line":19,"column":8},"end":{"line":23,"column":9}},{"start":{},"end":{}}],"line":19},"1":{"loc":{"start":{"line":28,"column":10},"end":{"line":40,"column":11}},"type":"if","locations":[{"start":{"line":28,"column":10},"end":{"line":40,"column":11}},{"start":{},"end":{}}],"line":28},"2":{"loc":{"start":{"line":33,"column":16},"end":{"line":35,"column":17}},"type":"if","locations":[{"start":{"line":33,"column":16},"end":{"line":35,"column":17}},{"start":{},"end":{}}],"line":33}},"s":{"0":1,"1":1,"2":1,"3":1,"4":1,"5":1,"6":0,"7":1,"8":6,"9":6,"10":5,"11":5,"12":5,"13":1,"14":4,"15":0,"16":1,"17":1,"18":2},"f":{"0":1,"1":1,"2":1,"3":6,"4":5,"5":0},"b":{"0":[0,1],"1":[5,1],"2":[1,4]},"_coverageSchema":"1a1c01bbd47fc00a2c39e90264f33305004495a9","hash":"c1b37f249be9d8fc8bc897bf968d748ce1d71df4"}
,"C:\\Users\\igor\\Desktop\\OTUS\\FullStackDeveloper\\WorkDir\\JavaScript-Basic\\otus-js-basic-funtional-programming\\src\\semver.ts": {"path":"C:\\Users\\igor\\Desktop\\OTUS\\FullStackDeveloper\\WorkDir\\JavaScript-Basic\\otus-js-basic-funtional-programming\\src\\semver.ts","statementMap":{"0":{"start":{"line":2,"column":4},"end":{"line":12,"column":6}},"1":{"start":{"line":2,"column":26},"end":{"line":4,"column":30}},"2":{"start":{"line":3,"column":32},"end":{"line":3,"column":43}},"3":{"start":{"line":8,"column":6},"end":{"line":11,"column":18}},"4":{"start":{"line":10,"column":20},"end":{"line":10,"column":31}}},"fnMap":{"0":{"name":"semverSort","decl":{"start":{"line":1,"column":16},"end":{"line":1,"column":26}},"loc":{"start":{"line":1,"column":53},"end":{"line":13,"column":1}},"line":1},"1":{"name":"(anonymous_1)","decl":{"start":{"line":2,"column":20},"end":{"line":2,"column":21}},"loc":{"start":{"line":2,"column":26},"end":{"line":4,"column":30}},"line":2},"2":{"name":"(anonymous_2)","decl":{"start":{"line":3,"column":25},"end":{"line":3,"column":26}},"loc":{"start":{"line":3,"column":32},"end":{"line":3,"column":43}},"line":3},"3":{"name":"(anonymous_3)","decl":{"start":{"line":7,"column":9},"end":{"line":7,"column":10}},"loc":{"start":{"line":8,"column":6},"end":{"line":11,"column":18}},"line":8},"4":{"name":"(anonymous_4)","decl":{"start":{"line":10,"column":13},"end":{"line":10,"column":14}},"loc":{"start":{"line":10,"column":20},"end":{"line":10,"column":31}},"line":10}},"branchMap":{},"s":{"0":1,"1":7,"2":23,"3":7,"4":23},"f":{"0":1,"1":7,"2":23,"3":7,"4":23},"b":{},"_coverageSchema":"1a1c01bbd47fc00a2c39e90264f33305004495a9","hash":"4ad2d1653cfee5a619bbaeb3cd9860778ed631f5"}
,"C:\\Users\\igor\\Desktop\\OTUS\\FullStackDeveloper\\WorkDir\\JavaScript-Basic\\otus-js-basic-funtional-programming\\src\\spiral.ts": {"path":"C:\\Users\\igor\\Desktop\\OTUS\\FullStackDeveloper\\WorkDir\\JavaScript-Basic\\otus-js-basic-funtional-programming\\src\\spiral.ts","statementMap":{"0":{"start":{"line":2,"column":14},"end":{"line":2,"column":24}},"1":{"start":{"line":3,"column":12},"end":{"line":3,"column":13}},"2":{"start":{"line":5,"column":4},"end":{"line":9,"column":6}},"3":{"start":{"line":6,"column":8},"end":{"line":8,"column":9}},"4":{"start":{"line":7,"column":12},"end":{"line":7,"column":28}},"5":{"start":{"line":11,"column":19},"end":{"line":11,"column":21}},"6":{"start":{"line":12,"column":18},"end":{"line":12,"column":19}},"7":{"start":{"line":13,"column":17},"end":{"line":13,"column":20}},"8":{"start":{"line":14,"column":19},"end":{"line":14,"column":20}},"9":{"start":{"line":15,"column":17},"end":{"line":15,"column":20}},"10":{"start":{"line":17,"column":4},"end":{"line":41,"column":5}},"11":{"start":{"line":18,"column":8},"end":{"line":20,"column":9}},"12":{"start":{"line":18,"column":21},"end":{"line":18,"column":29}},"13":{"start":{"line":19,"column":12},"end":{"line":19,"column":42}},"14":{"start":{"line":22,"column":8},"end":{"line":22,"column":20}},"15":{"start":{"line":24,"column":8},"end":{"line":26,"column":9}},"16":{"start":{"line":24,"column":20},"end":{"line":24,"column":28}},"17":{"start":{"line":25,"column":12},"end":{"line":25,"column":40}},"18":{"start":{"line":28,"column":8},"end":{"line":28,"column":18}},"19":{"start":{"line":30,"column":8},"end":{"line":32,"column":9}},"20":{"start":{"line":30,"column":19},"end":{"line":30,"column":25}},"21":{"start":{"line":31,"column":12},"end":{"line":31,"column":40}},"22":{"start":{"line":34,"column":8},"end":{"line":34,"column":18}},"23":{"start":{"line":36,"column":8},"end":{"line":38,"column":9}},"24":{"start":{"line":36,"column":19},"end":{"line":36,"column":25}},"25":{"start":{"line":37,"column":12},"end":{"line":37,"column":42}},"26":{"start":{"line":40,"column":8},"end":{"line":40,"column":20}},"27":{"start":{"line":42,"column":4},"end":{"line":42,"column":24}},"28":{"start":{"line":43,"column":4},"end":{"line":43,"column":18}}},"fnMap":{"0":{"name":"spiral","decl":{"start":{"line":1,"column":16},"end":{"line":1,"column":22}},"loc":{"start":{"line":1,"column":49},"end":{"line":44,"column":1}},"line":1},"1":{"name":"(anonymous_1)","decl":{"start":{"line":5,"column":16},"end":{"line":5,"column":17}},"loc":{"start":{"line":5,"column":24},"end":{"line":9,"column":5}},"line":5}},"branchMap":{"0":{"loc":{"start":{"line":6,"column":8},"end":{"line":8,"column":9}},"type":"if","locations":[{"start":{"line":6,"column":8},"end":{"line":8,"column":9}},{"start":{},"end":{}}],"line":6},"1":{"loc":{"start":{"line":17,"column":10},"end":{"line":17,"column":48}},"type":"binary-expr","locations":[{"start":{"line":17,"column":10},"end":{"line":17,"column":26}},{"start":{"line":17,"column":30},"end":{"line":17,"column":48}}],"line":17}},"s":{"0":1,"1":1,"2":1,"3":4,"4":1,"5":1,"6":1,"7":1,"8":1,"9":1,"10":1,"11":2,"12":2,"13":8,"14":2,"15":2,"16":2,"17":4,"18":2,"19":2,"20":2,"21":6,"22":2,"23":2,"24":2,"25":2,"26":2,"27":1,"28":1},"f":{"0":1,"1":4},"b":{"0":[1,3],"1":[3,3]},"_coverageSchema":"1a1c01bbd47fc00a2c39e90264f33305004495a9","hash":"aba07737a3c7b3e753a3e46ea80960f53974672c"}
,"C:\\Users\\igor\\Desktop\\OTUS\\FullStackDeveloper\\WorkDir\\JavaScript-Basic\\otus-js-basic-funtional-programming\\src\\sum.ts": {"path":"C:\\Users\\igor\\Desktop\\OTUS\\FullStackDeveloper\\WorkDir\\JavaScript-Basic\\otus-js-basic-funtional-programming\\src\\sum.ts","statementMap":{"0":{"start":{"line":3,"column":4},"end":{"line":5,"column":5}},"1":{"start":{"line":4,"column":8},"end":{"line":4,"column":14}},"2":{"start":{"line":8,"column":8},"end":{"line":8,"column":23}},"3":{"start":{"line":11,"column":4},"end":{"line":13,"column":5}},"4":{"start":{"line":12,"column":8},"end":{"line":12,"column":17}},"5":{"start":{"line":15,"column":4},"end":{"line":15,"column":13}}},"fnMap":{"0":{"name":"sum","decl":{"start":{"line":1,"column":16},"end":{"line":1,"column":19}},"loc":{"start":{"line":1,"column":31},"end":{"line":16,"column":1}},"line":1},"1":{"name":"f","decl":{"start":{"line":7,"column":13},"end":{"line":7,"column":14}},"loc":{"start":{"line":7,"column":19},"end":{"line":9,"column":5}},"line":7},"2":{"name":"(anonymous_2)","decl":{"start":{"line":11,"column":17},"end":{"line":11,"column":18}},"loc":{"start":{"line":11,"column":29},"end":{"line":13,"column":5}},"line":11}},"branchMap":{"0":{"loc":{"start":{"line":3,"column":4},"end":{"line":5,"column":5}},"type":"if","locations":[{"start":{"line":3,"column":4},"end":{"line":5,"column":5}},{"start":{},"end":{}}],"line":3}},"s":{"0":11,"1":2,"2":8,"3":11,"4":6,"5":11},"f":{"0":11,"1":8,"2":6},"b":{"0":[2,9]},"_coverageSchema":"1a1c01bbd47fc00a2c39e90264f33305004495a9","hash":"1625558eb85448f5d1cd3e648ce2124da193e74c"}
}
