TN:
SF:src\curry.ts
FN:1,curry
FN:2,f
FN:6,(anonymous_2)
FNF:3
FNH:3
FNDA:6,curry
FNDA:14,f
FNDA:9,(anonymous_2)
DA:2,6
DA:3,14
DA:4,5
DA:6,9
DA:7,9
LF:5
LH:5
BRDA:3,0,0,5
BRDA:3,0,1,9
BRF:2
BRH:2
end_of_record
TN:
SF:src\parallelProcessing.ts
FN:10,(anonymous_0)
FN:14,(anonymous_1)
FN:18,(anonymous_2)
FN:25,(anonymous_3)
FN:30,(anonymous_4)
FN:39,(anonymous_5)
FNF:6
FNH:5
FNDA:1,(anonymous_0)
FNDA:1,(anonymous_1)
FNDA:1,(anonymous_2)
FNDA:6,(anonymous_3)
FNDA:5,(anonymous_4)
FNDA:0,(anonymous_5)
DA:8,1
DA:11,1
DA:15,1
DA:16,1
DA:18,1
DA:19,1
DA:20,0
DA:25,1
DA:26,6
DA:28,6
DA:29,5
DA:31,5
DA:33,5
DA:34,1
DA:37,4
DA:39,0
DA:43,1
DA:44,2
LF:18
LH:16
BRDA:19,0,0,0
BRDA:19,0,1,1
BRDA:28,1,0,5
BRDA:28,1,1,1
BRDA:33,2,0,1
BRDA:33,2,1,4
BRF:6
BRH:5
end_of_record
TN:
SF:src\semver.ts
FN:1,semverSort
FN:2,(anonymous_1)
FN:3,(anonymous_2)
FN:7,(anonymous_3)
FN:10,(anonymous_4)
FNF:5
FNH:5
FNDA:1,semverSort
FNDA:7,(anonymous_1)
FNDA:23,(anonymous_2)
FNDA:7,(anonymous_3)
FNDA:23,(anonymous_4)
DA:2,7
DA:3,23
DA:8,7
DA:10,23
LF:4
LH:4
BRF:0
BRH:0
end_of_record
TN:
SF:src\spiral.ts
FN:1,spiral
FN:5,(anonymous_1)
FNF:2
FNH:2
FNDA:1,spiral
FNDA:4,(anonymous_1)
DA:2,1
DA:3,1
DA:5,1
DA:6,4
DA:7,1
DA:11,1
DA:12,1
DA:13,1
DA:14,1
DA:15,1
DA:17,1
DA:18,2
DA:19,8
DA:22,2
DA:24,2
DA:25,4
DA:28,2
DA:30,2
DA:31,6
DA:34,2
DA:36,2
DA:37,2
DA:40,2
DA:42,1
DA:43,1
LF:25
LH:25
BRDA:6,0,0,1
BRDA:6,0,1,3
BRDA:17,1,0,3
BRDA:17,1,1,3
BRF:4
BRH:4
end_of_record
TN:
SF:src\sum.ts
FN:1,sum
FN:7,f
FN:11,(anonymous_2)
FNF:3
FNH:3
FNDA:11,sum
FNDA:8,f
FNDA:6,(anonymous_2)
DA:3,11
DA:4,2
DA:8,8
DA:11,11
DA:12,6
DA:15,11
LF:6
LH:6
BRDA:3,0,0,2
BRDA:3,0,1,9
BRF:2
BRH:2
end_of_record
