TN:
SF:src\curry.ts
FN:1,curry
FN:2,f
FN:6,(anonymous_2)
FNF:3
FNH:3
FNDA:6,curry
FNDA:14,f
FNDA:9,(anonymous_2)
DA:2,6
DA:3,14
DA:4,5
DA:6,9
DA:7,9
LF:5
LH:5
BRDA:3,0,0,5
BRDA:3,0,1,9
BRF:2
BRH:2
end_of_record
TN:
SF:src\spiral.ts
FN:1,spiral
FN:5,(anonymous_1)
FNF:2
FNH:2
FNDA:1,spiral
FNDA:4,(anonymous_1)
DA:2,1
DA:3,1
DA:5,1
DA:6,4
DA:7,1
DA:11,1
DA:12,1
DA:13,1
DA:14,1
DA:15,1
DA:17,1
DA:18,2
DA:19,8
DA:22,2
DA:24,2
DA:25,4
DA:28,2
DA:30,2
DA:31,6
DA:34,2
DA:36,2
DA:37,2
DA:40,2
DA:42,1
DA:43,1
LF:25
LH:25
BRDA:6,0,0,1
BRDA:6,0,1,3
BRDA:17,1,0,3
BRDA:17,1,1,3
BRF:4
BRH:4
end_of_record
TN:
SF:src\sum.ts
FN:1,sum
FN:5,f
FN:9,(anonymous_2)
FNF:3
FNH:3
FNDA:11,sum
FNDA:8,f
FNDA:6,(anonymous_2)
DA:3,11
DA:6,8
DA:9,11
DA:10,6
DA:13,11
LF:5
LH:5
BRDA:3,0,0,11
BRDA:3,0,1,2
BRF:2
BRH:2
end_of_record
